<?xml version="1.0" encoding="UTF-8"?>
<testng-results ignored="0" total="2" passed="2" failed="0" skipped="0">
  <reporter-output>
  </reporter-output>
  <suite started-at="2025-08-15T19:43:31 IST" name="Default suite" finished-at="2025-08-15T19:43:42 IST" duration-ms="11022">
    <groups>
    </groups>
    <test started-at="2025-08-15T19:43:31 IST" name="Default test" finished-at="2025-08-15T19:43:42 IST" duration-ms="11022">
      <class name="API.Test.UserTest">
        <test-method is-config="true" signature="setup()[pri:0, instance:API.Test.UserTest@7d20d0b]" started-at="2025-08-15T19:43:31 IST" name="setup" finished-at="2025-08-15T19:43:31 IST" duration-ms="360" status="PASS">
          <reporter-output>
          </reporter-output>
        </test-method> <!-- setup -->
        <test-method signature="TestCreateUser()[pri:1, instance:API.Test.UserTest@7d20d0b]" started-at="2025-08-15T19:43:31 IST" name="TestCreateUser" finished-at="2025-08-15T19:43:37 IST" duration-ms="5654" status="PASS">
          <reporter-output>
          </reporter-output>
        </test-method> <!-- TestCreateUser -->
        <test-method signature="GetUserByName()[pri:2, instance:API.Test.UserTest@7d20d0b]" started-at="2025-08-15T19:43:37 IST" name="GetUserByName" finished-at="2025-08-15T19:43:42 IST" duration-ms="4929" status="PASS">
          <reporter-output>
          </reporter-output>
        </test-method> <!-- GetUserByName -->
      </class> <!-- API.Test.UserTest -->
    </test> <!-- Default test -->
  </suite> <!-- Default suite -->
</testng-results>
